LINE ADDR CONTENTS SOURCE LINE
  1.              	.EQU KEYBOARD_STATUS, $000
  2.              	.EQU KEYBOARD_DATA, $001
  3.              
  4.              
  5.  000 010000  	LDX# 0
  6.              
  7.  001 210010  loop:	CMX# $010
  8.  002 4B200A  	JGE end
  9.              
 10.  003 702000  POLL_KEYBD:	INB KEYBOARD_STATUS
 11.  004 FFF038  	NOP
 12.  005 4B2003  	JGE POLL_KEYBD
 13.  006 702001  	INB KEYBOARD_DATA
 14.  007 044D00  	STA+ $D00
 15.  008 110001  	ADX# 1
 16.  009 402001  	JMP loop
 17.  00A FFFFFF  end:	HLT

                     SYMBOL TABLE CONTENTS

00000A = END             000001 = KEYBOARD_DATA   000000 = KEYBOARD_STATUS 
000001 = LOOP            000003 = POLL_KEYBD      